{"/Users/agiammarchi/git/ungap/import-node/cjs/index.js":{"path":"/Users/agiammarchi/git/ungap/import-node/cjs/index.js","s":{"1":3,"2":3,"3":3,"4":3,"5":3,"6":3,"7":3,"8":4,"9":4,"10":2,"11":4,"12":5,"13":3},"b":{"1":[2,1],"2":[1,2],"3":[6,5],"4":[1,1]},"f":{"1":3,"2":4,"3":5},"fnMap":{"1":{"name":"(anonymous_1)","line":2,"loc":{"start":{"line":2,"column":18},"end":{"line":8,"column":2}}},"2":{"name":"importNode","line":19,"loc":{"start":{"line":19,"column":4},"end":{"line":19,"column":36}}},"3":{"name":"(anonymous_3)","line":32,"loc":{"start":{"line":32,"column":6},"end":{"line":32,"column":28}}}},"statementMap":{"1":{"start":{"line":2,"column":0},"end":{"line":42,"column":3}},"2":{"start":{"line":9,"column":2},"end":{"line":9,"column":38}},"3":{"start":{"line":12,"column":2},"end":{"line":12,"column":51}},"4":{"start":{"line":13,"column":2},"end":{"line":13,"column":55}},"5":{"start":{"line":14,"column":2},"end":{"line":14,"column":54}},"6":{"start":{"line":15,"column":2},"end":{"line":17,"column":30}},"7":{"start":{"line":18,"column":2},"end":{"line":35,"column":6}},"8":{"start":{"line":20,"column":6},"end":{"line":20,"column":36}},"9":{"start":{"line":21,"column":6},"end":{"line":27,"column":7}},"10":{"start":{"line":26,"column":8},"end":{"line":26,"column":60}},"11":{"start":{"line":28,"column":6},"end":{"line":28,"column":19}},"12":{"start":{"line":33,"column":8},"end":{"line":33,"column":39}},"13":{"start":{"line":43,"column":0},"end":{"line":43,"column":28}}},"branchMap":{"1":{"line":15,"type":"cond-expr","locations":[{"start":{"line":16,"column":4},"end":{"line":16,"column":40}},{"start":{"line":17,"column":4},"end":{"line":17,"column":29}}]},"2":{"line":18,"type":"cond-expr","locations":[{"start":{"line":19,"column":4},"end":{"line":29,"column":5}},{"start":{"line":30,"column":5},"end":{"line":34,"column":7}}]},"3":{"line":24,"type":"binary-expr","locations":[{"start":{"line":24,"column":15},"end":{"line":24,"column":19}},{"start":{"line":24,"column":23},"end":{"line":24,"column":33}}]},"4":{"line":30,"type":"cond-expr","locations":[{"start":{"line":31,"column":6},"end":{"line":31,"column":26}},{"start":{"line":32,"column":6},"end":{"line":34,"column":7}}]}}}}